<?xml version="1.0" encoding="UTF-8"?>
<testng-results skipped="0" failed="0" total="1" passed="1">
  <reporter-output>
  </reporter-output>
  <suite name="Default suite" duration-ms="28" started-at="2018-04-26T11:08:46Z" finished-at="2018-04-26T11:08:46Z">
    <groups>
    </groups>
    <test name="Default test" duration-ms="28" started-at="2018-04-26T11:08:46Z" finished-at="2018-04-26T11:08:46Z">
      <class name="com.genius.script.SampleJavaTest">
        <test-method status="PASS" signature="createTest()[pri:0, instance:com.genius.script.SampleJavaTest@10399e]" name="createTest" duration-ms="12" started-at="2018-04-26T16:38:46Z" finished-at="2018-04-26T16:38:46Z">
          <reporter-output>
          </reporter-output>
        </test-method> <!-- createTest -->
      </class> <!-- com.genius.script.SampleJavaTest -->
    </test> <!-- Default test -->
  </suite> <!-- Default suite -->
</testng-results>
